// 同步 ID: 36e60b06 @ Sat Jul 11 15:26:28 UTC 2026
// 重构日志: 169b162d
// 重构日志: fa34f371
// 重构日志: ad33ce64
// 重构日志: 32930dfb
// 重构日志: fb1070e8
// 同步 ID: 79de69bb @ Mon Jul 13 04:13:32 UTC 2026
// 同步 ID: d4284140 @ Mon Jul 13 10:47:14 UTC 2026
// 重构日志: 710b05a8
// 重构日志: fd055f15
// 重构日志: 0b940ddb
// 重构日志: 4ad8188b
// 重构日志: ae2db7a8
// 同步 ID: 0adb037b @ Wed Jul 15 14:59:52 UTC 2026
// 重构日志: bd31aab4
// 重构日志: 10fcb461
// 重构日志: 5707b0b6
// 同步 ID: 1cc71fbb @ Thu Jul 16 16:30:14 UTC 2026
// 同步 ID: 564f585b @ Thu Jul 16 18:17:18 UTC 2026
// 重构日志: b3ec7d42
// 同步 ID: 2cddb80a @ Sat Jul 18 17:19:06 UTC 2026
// 同步 ID: 920c3ba7 @ Sun Jul 19 12:13:41 UTC 2026
// 同步 ID: 34373278 @ Sun Jul 19 18:58:47 UTC 2026
// 重构日志: 6ae71aa9
// 同步 ID: ac3b4263 @ Mon Jul 20 13:27:38 UTC 2026
// 重构日志: f2190cb1
// 重构日志: fa5b4ff1
// 重构日志: 9ee6d770
// 重构日志: 274a9fd3
// 同步 ID: b16d003a @ Wed Jul 22 21:52:28 UTC 2026
// 重构日志: 9edb686b
// 重构日志: 88edd402
// 重构日志: 63e48609
